Log file opened on Tue Feb  9 17:30:42 2016
Host: draculin  pid: 13223  rank ID: 0  number of ranks:  1
                    :-) GROMACS - gmx mdrun, VERSION 5.1 (-:

                            GROMACS is written by:
     Emile Apol      Rossen Apostolov  Herman J.C. Berendsen    Par Bjelkmar   
 Aldert van Buuren   Rudi van Drunen     Anton Feenstra   Sebastian Fritsch 
  Gerrit Groenhof   Christoph Junghans   Anca Hamuraru    Vincent Hindriksen
 Dimitrios Karkoulis    Peter Kasson        Jiri Kraus      Carsten Kutzner  
    Per Larsson      Justin A. Lemkul   Magnus Lundborg   Pieter Meulenhoff 
   Erik Marklund      Teemu Murtola       Szilard Pall       Sander Pronk   
   Roland Schulz     Alexey Shvetsov     Michael Shirts     Alfons Sijbers  
   Peter Tieleman    Teemu Virolainen  Christian Wennberg    Maarten Wolf   
                           and the project leaders:
        Mark Abraham, Berk Hess, Erik Lindahl, and David van der Spoel

Copyright (c) 1991-2000, University of Groningen, The Netherlands.
Copyright (c) 2001-2015, The GROMACS development team at
Uppsala University, Stockholm University and
the Royal Institute of Technology, Sweden.
check out http://www.gromacs.org for more information.

GROMACS is free software; you can redistribute it and/or modify it
under the terms of the GNU Lesser General Public License
as published by the Free Software Foundation; either version 2.1
of the License, or (at your option) any later version.

GROMACS:      gmx mdrun, VERSION 5.1
Executable:   /sbcb/packages/opt/Linux_x86_64/gromacs/5.1/bin/gmx_avx
Data prefix:  /sbcb/packages/opt/Linux_x86_64/gromacs/5.1
Command line:
  gmx_avx mdrun -deffnm mdrun-5D91 -nsteps 100000

GROMACS version:    VERSION 5.1
Precision:          single
Memory model:       64 bit
MPI library:        thread_mpi
OpenMP support:     enabled (GMX_OPENMP_MAX_THREADS = 32)
GPU support:        enabled
OpenCL support:     disabled
invsqrt routine:    gmx_software_invsqrt(x)
SIMD instructions:  AVX_256
FFT library:        fftw-3.3.4-sse2-avx
RDTSCP usage:       enabled
C++11 compilation:  disabled
TNG support:        enabled
Tracing support:    disabled
Built on:           Wed Nov  4 23:33:35 GMT 2015
Built by:           fedsoft@dcd [CMAKE]
Build OS/arch:      Linux 3.13.0-32-generic x86_64
Build CPU vendor:   GenuineIntel
Build CPU brand:    Intel(R) Xeon(R) CPU E5-1650 0 @ 3.20GHz
Build CPU family:   6   Model: 45   Stepping: 7
Build CPU features: aes apic avx clfsh cmov cx8 cx16 htt lahf_lm mmx msr nonstop_tsc pcid pclmuldq pdcm pdpe1gb popcnt pse rdtscp sse2 sse3 sse4.1 sse4.2 ssse3 tdt x2apic
C compiler:         /sbcb/packages/opt/Linux_x86_64/gcc/4.8.3/bin/gcc GNU 4.8.3
C compiler flags:    -mavx    -Wextra -Wno-missing-field-initializers -Wno-sign-compare -Wpointer-arith -Wall -Wno-unused -Wunused-value -Wunused-parameter  -O3 -DNDEBUG -funroll-all-loops -fexcess-precision=fast  -Wno-array-bounds 
C++ compiler:       /sbcb/packages/opt/Linux_x86_64/gcc/4.8.3/bin/g++ GNU 4.8.3
C++ compiler flags:  -mavx    -Wextra -Wno-missing-field-initializers -Wpointer-arith -Wall -Wno-unused-function  -O3 -DNDEBUG -funroll-all-loops -fexcess-precision=fast  -Wno-array-bounds 
Boost version:      1.55.0 (internal)
CUDA compiler:      /sbcb/packages/opt/Linux_x86_64/cuda/6.5.14/bin/nvcc nvcc: NVIDIA (R) Cuda compiler driver;Copyright (c) 2005-2014 NVIDIA Corporation;Built on Thu_Jul_17_21:41:27_CDT_2014;Cuda compilation tools, release 6.5, V6.5.12
CUDA compiler flags:-gencode;arch=compute_20,code=sm_20;-gencode;arch=compute_30,code=sm_30;-gencode;arch=compute_35,code=sm_35;-gencode;arch=compute_50,code=compute_50;-use_fast_math;; ;-mavx;-Wextra;-Wno-missing-field-initializers;-Wpointer-arith;-Wall;-Wno-unused-function;-O3;-DNDEBUG;-funroll-all-loops;-fexcess-precision=fast;-Wno-array-bounds;
CUDA driver:        6.50
CUDA runtime:       6.50


Running on 1 node with total 6 cores, 12 logical cores, 1 compatible GPU
Hardware detected:
  CPU info:
    Vendor: GenuineIntel
    Brand:  Intel(R) Core(TM) i7-5930K CPU @ 3.50GHz
    Family:  6  model: 63  stepping:  2
    CPU features: aes apic avx avx2 clfsh cmov cx8 cx16 f16c fma htt lahf_lm mmx msr nonstop_tsc pcid pclmuldq pdcm pdpe1gb popcnt pse rdrnd rdtscp sse2 sse3 sse4.1 sse4.2 ssse3 tdt x2apic
    SIMD instructions most likely to fit this hardware: AVX2_256
    SIMD instructions selected at GROMACS compile time: AVX_256
  GPU info:
    Number of GPUs detected: 1
    #0: NVIDIA GeForce GTX 980, compute cap.: 5.2, ECC:  no, stat: compatible


Binary not matching hardware - you might be losing performance.
SIMD instructions most likely to fit this hardware: AVX2_256
SIMD instructions selected at GROMACS compile time: AVX_256


++++ PLEASE READ AND CITE THE FOLLOWING REFERENCE ++++
S. Páll, M. J. Abraham, C. Kutzner, B. Hess, E. Lindahl
Tackling Exascale Software Challenges in Molecular Dynamics Simulations with
GROMACS
In S. Markidis & E. Laure (Eds.), Solving Software Challenges for Exascale 8759 (2015) pp. 3-27
-------- -------- --- Thank You --- -------- --------


++++ PLEASE READ AND CITE THE FOLLOWING REFERENCE ++++
S. Pronk, S. Páll, R. Schulz, P. Larsson, P. Bjelkmar, R. Apostolov, M. R.
Shirts, J. C. Smith, P. M. Kasson, D. van der Spoel, B. Hess, and E. Lindahl
GROMACS 4.5: a high-throughput and highly parallel open source molecular
simulation toolkit
Bioinformatics 29 (2013) pp. 845-54
-------- -------- --- Thank You --- -------- --------


++++ PLEASE READ AND CITE THE FOLLOWING REFERENCE ++++
B. Hess and C. Kutzner and D. van der Spoel and E. Lindahl
GROMACS 4: Algorithms for highly efficient, load-balanced, and scalable
molecular simulation
J. Chem. Theory Comput. 4 (2008) pp. 435-447
-------- -------- --- Thank You --- -------- --------


++++ PLEASE READ AND CITE THE FOLLOWING REFERENCE ++++
D. van der Spoel, E. Lindahl, B. Hess, G. Groenhof, A. E. Mark and H. J. C.
Berendsen
GROMACS: Fast, Flexible and Free
J. Comp. Chem. 26 (2005) pp. 1701-1719
-------- -------- --- Thank You --- -------- --------


++++ PLEASE READ AND CITE THE FOLLOWING REFERENCE ++++
E. Lindahl and B. Hess and D. van der Spoel
GROMACS 3.0: A package for molecular simulation and trajectory analysis
J. Mol. Mod. 7 (2001) pp. 306-317
-------- -------- --- Thank You --- -------- --------


++++ PLEASE READ AND CITE THE FOLLOWING REFERENCE ++++
H. J. C. Berendsen, D. van der Spoel and R. van Drunen
GROMACS: A message-passing parallel molecular dynamics implementation
Comp. Phys. Comm. 91 (1995) pp. 43-56
-------- -------- --- Thank You --- -------- --------


For optimal performance with a GPU nstlist (now 10) should be larger.
The optimum depends on your CPU and GPU resources.
You might want to try several nstlist values.
Changing nstlist from 10 to 25, rlist from 1.141 to 1.287

Input Parameters:
   integrator                     = md
   tinit                          = 0
   dt                             = 0.02
   nsteps                         = 50000000
   init-step                      = 0
   simulation-part                = 1
   comm-mode                      = Linear
   nstcomm                        = 100
   bd-fric                        = 0
   ld-seed                        = 1396247181
   emtol                          = 10
   emstep                         = 0.01
   niter                          = 20
   fcstep                         = 0
   nstcgsteep                     = 1000
   nbfgscorr                      = 10
   rtpi                           = 0.05
   nstxout                        = 1000000
   nstvout                        = 1000000
   nstfout                        = 1000000
   nstlog                         = 10000
   nstcalcenergy                  = 100
   nstenergy                      = 10000
   nstxout-compressed             = 10000
   compressed-x-precision         = 10000
   cutoff-scheme                  = Verlet
   nstlist                        = 25
   ns-type                        = Grid
   pbc                            = xyz
   periodic-molecules             = FALSE
   verlet-buffer-tolerance        = 0.005
   rlist                          = 1.287
   rlistlong                      = 1.287
   nstcalclr                      = 10
   coulombtype                    = Reaction-Field
   coulomb-modifier               = Potential-shift
   rcoulomb-switch                = 0
   rcoulomb                       = 1.1
   epsilon-r                      = 15
   epsilon-rf                     = inf
   vdw-type                       = Cut-off
   vdw-modifier                   = Potential-shift
   rvdw-switch                    = 0.9
   rvdw                           = 1.1
   DispCorr                       = No
   table-extension                = 1
   fourierspacing                 = 0.12
   fourier-nx                     = 0
   fourier-ny                     = 0
   fourier-nz                     = 0
   pme-order                      = 4
   ewald-rtol                     = 1e-05
   ewald-rtol-lj                  = 0.001
   lj-pme-comb-rule               = Geometric
   ewald-geometry                 = 0
   epsilon-surface                = 0
   implicit-solvent               = No
   gb-algorithm                   = Still
   nstgbradii                     = 1
   rgbradii                       = 1
   gb-epsilon-solvent             = 80
   gb-saltconc                    = 0
   gb-obc-alpha                   = 1
   gb-obc-beta                    = 0.8
   gb-obc-gamma                   = 4.85
   gb-dielectric-offset           = 0.009
   sa-algorithm                   = Ace-approximation
   sa-surface-tension             = 2.05016
   tcoupl                         = V-rescale
   nsttcouple                     = 10
   nh-chain-length                = 0
   print-nose-hoover-chain-variables = FALSE
   pcoupl                         = Berendsen
   pcoupltype                     = Semiisotropic
   nstpcouple                     = 10
   tau-p                          = 4
   compressibility (3x3):
      compressibility[    0]={ 5.00000e-06,  0.00000e+00,  0.00000e+00}
      compressibility[    1]={ 0.00000e+00,  5.00000e-06,  0.00000e+00}
      compressibility[    2]={ 0.00000e+00,  0.00000e+00,  5.00000e-06}
   ref-p (3x3):
      ref-p[    0]={ 1.00000e+00,  0.00000e+00,  0.00000e+00}
      ref-p[    1]={ 0.00000e+00,  1.00000e+00,  0.00000e+00}
      ref-p[    2]={ 0.00000e+00,  0.00000e+00,  1.00000e+00}
   refcoord-scaling               = No
   posres-com (3):
      posres-com[0]= 0.00000e+00
      posres-com[1]= 0.00000e+00
      posres-com[2]= 0.00000e+00
   posres-comB (3):
      posres-comB[0]= 0.00000e+00
      posres-comB[1]= 0.00000e+00
      posres-comB[2]= 0.00000e+00
   QMMM                           = FALSE
   QMconstraints                  = 0
   QMMMscheme                     = 0
   MMChargeScaleFactor            = 1
qm-opts:
   ngQM                           = 0
   constraint-algorithm           = Lincs
   continuation                   = FALSE
   Shake-SOR                      = FALSE
   shake-tol                      = 0.0001
   lincs-order                    = 4
   lincs-iter                     = 1
   lincs-warnangle                = 30
   nwall                          = 0
   wall-type                      = 9-3
   wall-r-linpot                  = -1
   wall-atomtype[0]               = -1
   wall-atomtype[1]               = -1
   wall-density[0]                = 0
   wall-density[1]                = 0
   wall-ewald-zfac                = 3
   pull                           = FALSE
   rotation                       = FALSE
   interactiveMD                  = FALSE
   disre                          = No
   disre-weighting                = Conservative
   disre-mixed                    = FALSE
   dr-fc                          = 1000
   dr-tau                         = 0
   nstdisreout                    = 100
   orire-fc                       = 0
   orire-tau                      = 0
   nstorireout                    = 100
   free-energy                    = no
   cos-acceleration               = 0
   deform (3x3):
      deform[    0]={ 0.00000e+00,  0.00000e+00,  0.00000e+00}
      deform[    1]={ 0.00000e+00,  0.00000e+00,  0.00000e+00}
      deform[    2]={ 0.00000e+00,  0.00000e+00,  0.00000e+00}
   simulated-tempering            = FALSE
   E-x:
      n = 0
   E-xt:
      n = 0
   E-y:
      n = 0
   E-yt:
      n = 0
   E-z:
      n = 0
   E-zt:
      n = 0
   swapcoords                     = no
   adress                         = FALSE
   userint1                       = 0
   userint2                       = 0
   userint3                       = 0
   userint4                       = 0
   userreal1                      = 0
   userreal2                      = 0
   userreal3                      = 0
   userreal4                      = 0
grpopts:
   nrdf:     1759.88       15377     28642.1
   ref-t:         323         323         323
   tau-t:           1           1           1
annealing:          No          No          No
annealing-npoints:           0           0           0
   acc:	           0           0           0
   nfreeze:           N           N           N
   energygrp-flags[  0]: 0 0 0
   energygrp-flags[  1]: 0 0 0
   energygrp-flags[  2]: 0 0 0


Overriding nsteps with value passed on the command line: 100000 steps, 2e+03 ps

Using 1 MPI thread
Using 12 OpenMP threads 

1 compatible GPU is present, with ID 0
1 GPU auto-selected for this run.
Mapping of GPU ID to the 1 PP rank in this node: 0

Cut-off's:   NS: 1.287   Coulomb: 1.1   LJ: 1.1
Reaction-Field:
epsRF = 0, rc = 1.1, krf = 0.375657, crf = 1.36364, epsfac = 9.26236
The electrostatics potential has its minimum at r = 1.1
System total charge: 187.000
Potential shift: LJ r^-12: -3.186e-01 r^-6: -5.645e-01

Using GPU 8x8 non-bonded kernels


NOTE: With GPUs, reporting energy group contributions is not supported

Removing pbc first time
Pinning threads with an auto-selected logical core stride of 1

Initializing LINear Constraint Solver

++++ PLEASE READ AND CITE THE FOLLOWING REFERENCE ++++
B. Hess
P-LINCS: A Parallel Linear Constraint Solver for molecular simulation
J. Chem. Theory Comput. 4 (2008) pp. 116-122
-------- -------- --- Thank You --- -------- --------

The number of constraints is 406
125 constraints are involved in constraint triangles,
will apply an additional matrix expansion of order 4 for couplings
between constraints inside triangles
Center of mass motion removal mode is Linear
We have the following groups for center of mass motion removal:
  0:  rest

++++ PLEASE READ AND CITE THE FOLLOWING REFERENCE ++++
G. Bussi, D. Donadio and M. Parrinello
Canonical sampling through velocity rescaling
J. Chem. Phys. 126 (2007) pp. 014101
-------- -------- --- Thank You --- -------- --------

There are: 15396 Atoms

Constraining the starting coordinates (step 0)

Constraining the coordinates at t0-dt (step 0)
RMS relative constraint deviation after constraining: 2.47e-05
Initial temperature: 323.086 K

Started mdrun on rank 0 Tue Feb  9 17:30:43 2016
           Step           Time         Lambda
              0        0.00000        0.00000

   Energies (kJ/mol)
           Bond          Angle       G96Angle    Proper Dih.  Improper Dih.
    2.61404e+04    1.06582e+02    8.89951e+03    1.18725e+02    2.60278e+01
        LJ (SR)   Coulomb (SR)      Potential    Kinetic En.   Total Energy
   -3.99118e+05   -1.07478e+04   -3.74575e+05    6.18460e+04   -3.12729e+05
    Temperature Pressure (bar)   Constr. rmsd
    3.24968e+02   -3.85686e+02    1.94897e-05

           Step           Time         Lambda
          10000      200.00000        0.00000

   Energies (kJ/mol)
           Bond          Angle       G96Angle    Proper Dih.  Improper Dih.
    2.17813e+04    1.31453e+02    8.47551e+03    2.28253e+02    4.28234e+01
        LJ (SR)   Coulomb (SR)      Potential    Kinetic En.   Total Energy
   -3.53345e+05   -8.29661e+03   -3.30982e+05    6.19882e+04   -2.68994e+05
    Temperature Pressure (bar)   Constr. rmsd
    3.25715e+02    7.19338e+01    2.36966e-05

           Step           Time         Lambda
          20000      400.00000        0.00000

   Energies (kJ/mol)
           Bond          Angle       G96Angle    Proper Dih.  Improper Dih.
    2.16501e+04    1.04333e+02    8.23485e+03    2.41072e+02    4.34870e+01
        LJ (SR)   Coulomb (SR)      Potential    Kinetic En.   Total Energy
   -3.51542e+05   -8.45070e+03   -3.29718e+05    6.19527e+04   -2.67766e+05
    Temperature Pressure (bar)   Constr. rmsd
    3.25529e+02    1.70177e+01    2.11398e-05

           Step           Time         Lambda
          30000      600.00000        0.00000

   Energies (kJ/mol)
           Bond          Angle       G96Angle    Proper Dih.  Improper Dih.
    2.23396e+04    1.13145e+02    8.23059e+03    2.20931e+02    3.78588e+01
        LJ (SR)   Coulomb (SR)      Potential    Kinetic En.   Total Energy
   -3.53636e+05   -8.48212e+03   -3.31176e+05    6.20828e+04   -2.69094e+05
    Temperature Pressure (bar)   Constr. rmsd
    3.26213e+02    3.03988e+00    2.17134e-05

           Step           Time         Lambda
          40000      800.00000        0.00000

   Energies (kJ/mol)
           Bond          Angle       G96Angle    Proper Dih.  Improper Dih.
    2.17084e+04    1.12106e+02    8.28723e+03    2.41093e+02    3.76672e+01
        LJ (SR)   Coulomb (SR)      Potential    Kinetic En.   Total Energy
   -3.53156e+05   -8.66983e+03   -3.31439e+05    6.14995e+04   -2.69940e+05
    Temperature Pressure (bar)   Constr. rmsd
    3.23148e+02    3.76097e+00    2.39199e-05

           Step           Time         Lambda
          50000     1000.00000        0.00000

   Energies (kJ/mol)
           Bond          Angle       G96Angle    Proper Dih.  Improper Dih.
    2.16478e+04    1.23068e+02    8.25779e+03    2.65675e+02    4.26494e+01
        LJ (SR)   Coulomb (SR)      Potential    Kinetic En.   Total Energy
   -3.53635e+05   -8.85946e+03   -3.32158e+05    6.21321e+04   -2.70026e+05
    Temperature Pressure (bar)   Constr. rmsd
    3.26472e+02   -1.05226e+01    1.69590e-05

           Step           Time         Lambda
          60000     1200.00000        0.00000

   Energies (kJ/mol)
           Bond          Angle       G96Angle    Proper Dih.  Improper Dih.
    2.19885e+04    1.17891e+02    8.33135e+03    2.13827e+02    4.88971e+01
        LJ (SR)   Coulomb (SR)      Potential    Kinetic En.   Total Energy
   -3.53445e+05   -8.80569e+03   -3.31550e+05    6.15878e+04   -2.69962e+05
    Temperature Pressure (bar)   Constr. rmsd
    3.23612e+02    3.92041e+00    2.25234e-05

           Step           Time         Lambda
          70000     1400.00000        0.00000

   Energies (kJ/mol)
           Bond          Angle       G96Angle    Proper Dih.  Improper Dih.
    2.18495e+04    1.33226e+02    8.27601e+03    2.52337e+02    4.68387e+01
        LJ (SR)   Coulomb (SR)      Potential    Kinetic En.   Total Energy
   -3.52909e+05   -8.83018e+03   -3.31182e+05    6.23362e+04   -2.68845e+05
    Temperature Pressure (bar)   Constr. rmsd
    3.27544e+02    1.88393e+01    2.08073e-05

           Step           Time         Lambda
          80000     1600.00000        0.00000

   Energies (kJ/mol)
           Bond          Angle       G96Angle    Proper Dih.  Improper Dih.
    2.21580e+04    1.44309e+02    8.12056e+03    2.10565e+02    5.18771e+01
        LJ (SR)   Coulomb (SR)      Potential    Kinetic En.   Total Energy
   -3.53535e+05   -8.92260e+03   -3.31772e+05    6.18997e+04   -2.69873e+05
    Temperature Pressure (bar)   Constr. rmsd
    3.25251e+02    1.46233e+01    2.03605e-05

           Step           Time         Lambda
          90000     1800.00000        0.00000

   Energies (kJ/mol)
           Bond          Angle       G96Angle    Proper Dih.  Improper Dih.
    2.18202e+04    1.13121e+02    8.28384e+03    2.04694e+02    3.43522e+01
        LJ (SR)   Coulomb (SR)      Potential    Kinetic En.   Total Energy
   -3.53527e+05   -8.97971e+03   -3.32050e+05    6.16183e+04   -2.70432e+05
    Temperature Pressure (bar)   Constr. rmsd
    3.23772e+02    2.82697e+01    2.47568e-05

           Step           Time         Lambda
         100000     2000.00000        0.00000

Writing checkpoint, step 100000 at Tue Feb  9 17:31:24 2016


   Energies (kJ/mol)
           Bond          Angle       G96Angle    Proper Dih.  Improper Dih.
    2.20711e+04    1.30434e+02    8.24293e+03    1.72376e+02    3.82924e+01
        LJ (SR)   Coulomb (SR)      Potential    Kinetic En.   Total Energy
   -3.54351e+05   -8.91168e+03   -3.32607e+05    6.10408e+04   -2.71566e+05
    Temperature Pressure (bar)   Constr. rmsd
    3.20737e+02   -5.40868e+01    3.24918e-05

	<======  ###############  ==>
	<====  A V E R A G E S  ====>
	<==  ###############  ======>

	Statistics over 100001 steps using 1001 frames

   Energies (kJ/mol)
           Bond          Angle       G96Angle    Proper Dih.  Improper Dih.
    2.19356e+04    1.18619e+02    8.23848e+03    2.23340e+02    4.28992e+01
        LJ (SR)   Coulomb (SR)      Potential    Kinetic En.   Total Energy
   -3.54038e+05   -8.65058e+03   -3.32130e+05    6.14425e+04   -2.70687e+05
    Temperature Pressure (bar)   Constr. rmsd
    3.22848e+02    3.16239e+01    0.00000e+00

          Box-X          Box-Y          Box-Z
    1.12200e+01    1.20941e+01    1.35877e+01

   Total Virial (kJ/mol)
    1.87453e+04    1.94007e+01    4.09716e+00
    1.94009e+01    1.87228e+04   -5.14592e+01
    4.09681e+00   -5.14581e+01    1.89011e+04

   Pressure (bar)
    3.23198e+01   -6.72247e-01    2.94367e-01
   -6.72250e-01    3.24191e+01    1.01423e+00
    2.94373e-01    1.01421e+00    3.01330e+01

  Epot (kJ/mol)        Coul-SR          LJ-SR   
Protein-Protein   -8.65058e+03   -3.54038e+05
  Protein-Lipid    0.00000e+00    0.00000e+00
Protein-SOL_ION    0.00000e+00    0.00000e+00
    Lipid-Lipid    0.00000e+00    0.00000e+00
  Lipid-SOL_ION    0.00000e+00    0.00000e+00
SOL_ION-SOL_ION    0.00000e+00    0.00000e+00

      T-Protein        T-Lipid      T-SOL_ION
    3.22865e+02    3.22823e+02    3.22860e+02


	M E G A - F L O P S   A C C O U N T I N G

 NB=Group-cutoff nonbonded kernels    NxN=N-by-N cluster Verlet kernels
 RF=Reaction-Field  VdW=Van der Waals  QSTab=quadratic-spline table
 W3=SPC/TIP3p  W4=TIP4p (single or pairs)
 V&F=Potential and force  V=Potential only  F=Force only

 Computing:                               M-Number         M-Flops  % Flops
-----------------------------------------------------------------------------
 Pair Search distance check            3306.859840       29761.739     0.2
 NxN RF Elec. + LJ [F]               384322.178688    14604242.790    97.5
 NxN RF Elec. + LJ [V&F]               3885.764224      209831.268     1.4
 Shift-X                                 61.599396         369.596     0.0
 Bonds                                  517.605176       30538.705     0.2
 Angles                                 449.604496       75533.555     0.5
 Propers                                 15.300153        3503.735     0.0
 Impropers                                4.400044         915.209     0.0
 Virial                                 154.425441        2779.658     0.0
 Stop-CM                                 15.426792         154.268     0.0
 P-Coupling                             153.960000         923.760     0.0
 Calc-Ekin                              615.870792       16628.511     0.1
 Lincs                                   40.601218        2436.073     0.0
 Lincs-Mat                              643.219296        2572.877     0.0
 Constraint-V                            81.201624         649.613     0.0
 Constraint-Vir                           4.060406          97.450     0.0
-----------------------------------------------------------------------------
 Total                                                14980938.808   100.0
-----------------------------------------------------------------------------


     R E A L   C Y C L E   A N D   T I M E   A C C O U N T I N G

On 1 MPI rank, each using 12 OpenMP threads

 Computing:          Num   Num      Call    Wall time         Giga-Cycles
                     Ranks Threads  Count      (s)         total sum    %
-----------------------------------------------------------------------------
 Neighbor search        1   12       4001       2.659        111.963   6.5
 Launch GPU ops.        1   12     100001       3.447        145.124   8.5
 Force                  1   12     100001      11.928        502.220  29.3
 Wait GPU local         1   12     100001       7.618        320.762  18.7
 NB X/F buffer ops.     1   12     196001       3.723        156.744   9.2
 Write traj.            1   12         11       0.204          8.601   0.5
 Update                 1   12     100001       4.734        199.312  11.6
 Constraints            1   12     100001       3.825        161.054   9.4
 Rest                                           2.524        106.254   6.2
-----------------------------------------------------------------------------
 Total                                         40.663       1712.033 100.0
-----------------------------------------------------------------------------

 GPU timings
-----------------------------------------------------------------------------
 Computing:                         Count  Wall t (s)      ms/step       %
-----------------------------------------------------------------------------
 Pair list H2D                       4001       0.252        0.063     1.4
 X / q H2D                         100001       2.673        0.027    15.3
 Nonbonded F kernel                 96000      11.809        0.123    67.4
 Nonbonded F+prune k.                3000       0.478        0.159     2.7
 Nonbonded F+ene+prune k.            1001       0.180        0.180     1.0
 F D2H                             100001       2.123        0.021    12.1
-----------------------------------------------------------------------------
 Total                                         17.516        0.175   100.0
-----------------------------------------------------------------------------

Force evaluation time GPU/CPU: 0.175 ms/0.119 ms = 1.468

               Core t (s)   Wall t (s)        (%)
       Time:      427.301       40.663     1050.8
                 (ns/day)    (hour/ns)
Performance:     4249.656        0.006
Finished mdrun on rank 0 Tue Feb  9 17:31:24 2016
