Log file opened on Tue Jan 26 21:26:31 2016
Host: draculin  pid: 17730  rank ID: 0  number of ranks:  1
                    :-) GROMACS - gmx mdrun, VERSION 5.1 (-:

                            GROMACS is written by:
     Emile Apol      Rossen Apostolov  Herman J.C. Berendsen    Par Bjelkmar   
 Aldert van Buuren   Rudi van Drunen     Anton Feenstra   Sebastian Fritsch 
  Gerrit Groenhof   Christoph Junghans   Anca Hamuraru    Vincent Hindriksen
 Dimitrios Karkoulis    Peter Kasson        Jiri Kraus      Carsten Kutzner  
    Per Larsson      Justin A. Lemkul   Magnus Lundborg   Pieter Meulenhoff 
   Erik Marklund      Teemu Murtola       Szilard Pall       Sander Pronk   
   Roland Schulz     Alexey Shvetsov     Michael Shirts     Alfons Sijbers  
   Peter Tieleman    Teemu Virolainen  Christian Wennberg    Maarten Wolf   
                           and the project leaders:
        Mark Abraham, Berk Hess, Erik Lindahl, and David van der Spoel

Copyright (c) 1991-2000, University of Groningen, The Netherlands.
Copyright (c) 2001-2015, The GROMACS development team at
Uppsala University, Stockholm University and
the Royal Institute of Technology, Sweden.
check out http://www.gromacs.org for more information.

GROMACS is free software; you can redistribute it and/or modify it
under the terms of the GNU Lesser General Public License
as published by the Free Software Foundation; either version 2.1
of the License, or (at your option) any later version.

GROMACS:      gmx mdrun, VERSION 5.1
Executable:   /sbcb/packages/opt/Linux_x86_64/gromacs/5.1/bin/gmx_sse
Data prefix:  /sbcb/packages/opt/Linux_x86_64/gromacs/5.1
Command line:
  gmx_sse mdrun -deffnm alchex_component.2.em

GROMACS version:    VERSION 5.1
Precision:          single
Memory model:       64 bit
MPI library:        thread_mpi
OpenMP support:     enabled (GMX_OPENMP_MAX_THREADS = 32)
GPU support:        enabled
OpenCL support:     disabled
invsqrt routine:    gmx_software_invsqrt(x)
SIMD instructions:  SSE4.1
FFT library:        fftw-3.3.4-sse2
RDTSCP usage:       enabled
C++11 compilation:  disabled
TNG support:        enabled
Tracing support:    disabled
Built on:           Wed Nov  4 23:44:41 GMT 2015
Built by:           fedsoft@dcd [CMAKE]
Build OS/arch:      Linux 3.13.0-32-generic x86_64
Build CPU vendor:   GenuineIntel
Build CPU brand:    Intel(R) Xeon(R) CPU E5-1650 0 @ 3.20GHz
Build CPU family:   6   Model: 45   Stepping: 7
Build CPU features: aes apic avx clfsh cmov cx8 cx16 htt lahf_lm mmx msr nonstop_tsc pcid pclmuldq pdcm pdpe1gb popcnt pse rdtscp sse2 sse3 sse4.1 sse4.2 ssse3 tdt x2apic
C compiler:         /sbcb/packages/opt/Linux_x86_64/gcc/4.8.3/bin/gcc GNU 4.8.3
C compiler flags:    -msse4.1    -Wextra -Wno-missing-field-initializers -Wno-sign-compare -Wpointer-arith -Wall -Wno-unused -Wunused-value -Wunused-parameter  -O3 -DNDEBUG -funroll-all-loops -fexcess-precision=fast  -Wno-array-bounds 
C++ compiler:       /sbcb/packages/opt/Linux_x86_64/gcc/4.8.3/bin/g++ GNU 4.8.3
C++ compiler flags:  -msse4.1    -Wextra -Wno-missing-field-initializers -Wpointer-arith -Wall -Wno-unused-function  -O3 -DNDEBUG -funroll-all-loops -fexcess-precision=fast  -Wno-array-bounds 
Boost version:      1.55.0 (internal)
CUDA compiler:      /sbcb/packages/opt/Linux_x86_64/cuda/6.5.14/bin/nvcc nvcc: NVIDIA (R) Cuda compiler driver;Copyright (c) 2005-2014 NVIDIA Corporation;Built on Thu_Jul_17_21:41:27_CDT_2014;Cuda compilation tools, release 6.5, V6.5.12
CUDA compiler flags:-gencode;arch=compute_20,code=sm_20;-gencode;arch=compute_30,code=sm_30;-gencode;arch=compute_35,code=sm_35;-gencode;arch=compute_50,code=compute_50;-use_fast_math;; ;-msse4.1;-Wextra;-Wno-missing-field-initializers;-Wpointer-arith;-Wall;-Wno-unused-function;-O3;-DNDEBUG;-funroll-all-loops;-fexcess-precision=fast;-Wno-array-bounds;
CUDA driver:        6.50
CUDA runtime:       6.50


Running on 1 node with total 6 cores, 12 logical cores, 1 compatible GPU
Hardware detected:
  CPU info:
    Vendor: GenuineIntel
    Brand:  Intel(R) Core(TM) i7-5930K CPU @ 3.50GHz
    Family:  6  model: 63  stepping:  2
    CPU features: aes apic avx avx2 clfsh cmov cx8 cx16 f16c fma htt lahf_lm mmx msr nonstop_tsc pcid pclmuldq pdcm pdpe1gb popcnt pse rdrnd rdtscp sse2 sse3 sse4.1 sse4.2 ssse3 tdt x2apic
    SIMD instructions most likely to fit this hardware: AVX2_256
    SIMD instructions selected at GROMACS compile time: SSE4.1
  GPU info:
    Number of GPUs detected: 1
    #0: NVIDIA GeForce GTX 980, compute cap.: 5.2, ECC:  no, stat: compatible


Binary not matching hardware - you might be losing performance.
SIMD instructions most likely to fit this hardware: AVX2_256
SIMD instructions selected at GROMACS compile time: SSE4.1


++++ PLEASE READ AND CITE THE FOLLOWING REFERENCE ++++
S. Páll, M. J. Abraham, C. Kutzner, B. Hess, E. Lindahl
Tackling Exascale Software Challenges in Molecular Dynamics Simulations with
GROMACS
In S. Markidis & E. Laure (Eds.), Solving Software Challenges for Exascale 8759 (2015) pp. 3-27
-------- -------- --- Thank You --- -------- --------


++++ PLEASE READ AND CITE THE FOLLOWING REFERENCE ++++
S. Pronk, S. Páll, R. Schulz, P. Larsson, P. Bjelkmar, R. Apostolov, M. R.
Shirts, J. C. Smith, P. M. Kasson, D. van der Spoel, B. Hess, and E. Lindahl
GROMACS 4.5: a high-throughput and highly parallel open source molecular
simulation toolkit
Bioinformatics 29 (2013) pp. 845-54
-------- -------- --- Thank You --- -------- --------


++++ PLEASE READ AND CITE THE FOLLOWING REFERENCE ++++
B. Hess and C. Kutzner and D. van der Spoel and E. Lindahl
GROMACS 4: Algorithms for highly efficient, load-balanced, and scalable
molecular simulation
J. Chem. Theory Comput. 4 (2008) pp. 435-447
-------- -------- --- Thank You --- -------- --------


++++ PLEASE READ AND CITE THE FOLLOWING REFERENCE ++++
D. van der Spoel, E. Lindahl, B. Hess, G. Groenhof, A. E. Mark and H. J. C.
Berendsen
GROMACS: Fast, Flexible and Free
J. Comp. Chem. 26 (2005) pp. 1701-1719
-------- -------- --- Thank You --- -------- --------


++++ PLEASE READ AND CITE THE FOLLOWING REFERENCE ++++
E. Lindahl and B. Hess and D. van der Spoel
GROMACS 3.0: A package for molecular simulation and trajectory analysis
J. Mol. Mod. 7 (2001) pp. 306-317
-------- -------- --- Thank You --- -------- --------


++++ PLEASE READ AND CITE THE FOLLOWING REFERENCE ++++
H. J. C. Berendsen, D. van der Spoel and R. van Drunen
GROMACS: A message-passing parallel molecular dynamics implementation
Comp. Phys. Comm. 91 (1995) pp. 43-56
-------- -------- --- Thank You --- -------- --------


Changing rlist from 1.05 to 1 for non-bonded 8x4 atom kernels

Input Parameters:
   integrator                     = steep
   tinit                          = 0
   dt                             = 0.001
   nsteps                         = 5000
   init-step                      = 0
   simulation-part                = 1
   comm-mode                      = Linear
   nstcomm                        = 100
   bd-fric                        = 0
   ld-seed                        = 762242792
   emtol                          = 1000
   emstep                         = 0.001
   niter                          = 20
   fcstep                         = 0
   nstcgsteep                     = 1000
   nbfgscorr                      = 10
   rtpi                           = 0.05
   nstxout                        = 0
   nstvout                        = 0
   nstfout                        = 0
   nstlog                         = 1000
   nstcalcenergy                  = 100
   nstenergy                      = 1000
   nstxout-compressed             = 0
   compressed-x-precision         = 1000
   cutoff-scheme                  = Verlet
   nstlist                        = 10
   ns-type                        = Grid
   pbc                            = xyz
   periodic-molecules             = FALSE
   verlet-buffer-tolerance        = 0.005
   rlist                          = 1
   rlistlong                      = 1
   nstcalclr                      = 10
   coulombtype                    = Cut-off
   coulomb-modifier               = Potential-shift
   rcoulomb-switch                = 0
   rcoulomb                       = 1
   epsilon-r                      = 1
   epsilon-rf                     = inf
   vdw-type                       = Cut-off
   vdw-modifier                   = Potential-shift
   rvdw-switch                    = 0
   rvdw                           = 1
   DispCorr                       = No
   table-extension                = 1
   fourierspacing                 = 0.12
   fourier-nx                     = 0
   fourier-ny                     = 0
   fourier-nz                     = 0
   pme-order                      = 4
   ewald-rtol                     = 1e-05
   ewald-rtol-lj                  = 0.001
   lj-pme-comb-rule               = Geometric
   ewald-geometry                 = 0
   epsilon-surface                = 0
   implicit-solvent               = No
   gb-algorithm                   = Still
   nstgbradii                     = 1
   rgbradii                       = 1
   gb-epsilon-solvent             = 80
   gb-saltconc                    = 0
   gb-obc-alpha                   = 1
   gb-obc-beta                    = 0.8
   gb-obc-gamma                   = 4.85
   gb-dielectric-offset           = 0.009
   sa-algorithm                   = Ace-approximation
   sa-surface-tension             = 2.05016
   tcoupl                         = No
   nsttcouple                     = -1
   nh-chain-length                = 0
   print-nose-hoover-chain-variables = FALSE
   pcoupl                         = No
   pcoupltype                     = Isotropic
   nstpcouple                     = -1
   tau-p                          = 1
   compressibility (3x3):
      compressibility[    0]={ 0.00000e+00,  0.00000e+00,  0.00000e+00}
      compressibility[    1]={ 0.00000e+00,  0.00000e+00,  0.00000e+00}
      compressibility[    2]={ 0.00000e+00,  0.00000e+00,  0.00000e+00}
   ref-p (3x3):
      ref-p[    0]={ 0.00000e+00,  0.00000e+00,  0.00000e+00}
      ref-p[    1]={ 0.00000e+00,  0.00000e+00,  0.00000e+00}
      ref-p[    2]={ 0.00000e+00,  0.00000e+00,  0.00000e+00}
   refcoord-scaling               = No
   posres-com (3):
      posres-com[0]= 0.00000e+00
      posres-com[1]= 0.00000e+00
      posres-com[2]= 0.00000e+00
   posres-comB (3):
      posres-comB[0]= 0.00000e+00
      posres-comB[1]= 0.00000e+00
      posres-comB[2]= 0.00000e+00
   QMMM                           = FALSE
   QMconstraints                  = 0
   QMMMscheme                     = 0
   MMChargeScaleFactor            = 1
qm-opts:
   ngQM                           = 0
   constraint-algorithm           = Lincs
   continuation                   = FALSE
   Shake-SOR                      = FALSE
   shake-tol                      = 0.0001
   lincs-order                    = 4
   lincs-iter                     = 1
   lincs-warnangle                = 30
   nwall                          = 0
   wall-type                      = 9-3
   wall-r-linpot                  = -1
   wall-atomtype[0]               = -1
   wall-atomtype[1]               = -1
   wall-density[0]                = 0
   wall-density[1]                = 0
   wall-ewald-zfac                = 3
   pull                           = FALSE
   rotation                       = FALSE
   interactiveMD                  = FALSE
   disre                          = No
   disre-weighting                = Conservative
   disre-mixed                    = FALSE
   dr-fc                          = 1000
   dr-tau                         = 0
   nstdisreout                    = 100
   orire-fc                       = 0
   orire-tau                      = 0
   nstorireout                    = 100
   free-energy                    = no
   cos-acceleration               = 0
   deform (3x3):
      deform[    0]={ 0.00000e+00,  0.00000e+00,  0.00000e+00}
      deform[    1]={ 0.00000e+00,  0.00000e+00,  0.00000e+00}
      deform[    2]={ 0.00000e+00,  0.00000e+00,  0.00000e+00}
   simulated-tempering            = FALSE
   E-x:
      n = 0
   E-xt:
      n = 0
   E-y:
      n = 0
   E-yt:
      n = 0
   E-z:
      n = 0
   E-zt:
      n = 0
   swapcoords                     = no
   adress                         = FALSE
   userint1                       = 0
   userint2                       = 0
   userint3                       = 0
   userint4                       = 0
   userreal1                      = 0
   userreal2                      = 0
   userreal3                      = 0
   userreal4                      = 0
grpopts:
   nrdf:         159
   ref-t:           0
   tau-t:           0
annealing:          No
annealing-npoints:           0
   acc:	           0           0           0
   nfreeze:           N           N           N
   energygrp-flags[  0]: 0

Using 1 MPI thread
Using 12 OpenMP threads 

1 compatible GPU is present, with ID 0
1 GPU auto-selected for this run.
Mapping of GPU ID to the 1 PP rank in this node: 0

Cut-off's:   NS: 1   Coulomb: 1   LJ: 1
System total charge: 0.000
Potential shift: LJ r^-12: -1.000e+00 r^-6: -1.000e+00, Coulomb -1e+00

Using GPU 8x8 non-bonded kernels

Removing pbc first time
Pinning threads with an auto-selected logical core stride of 1
Initiating Steepest Descents
Started Steepest Descents on rank 0 Tue Jan 26 21:26:32 2016

Steepest Descents:
   Tolerance (Fmax)   =  1.00000e+03
   Number of steps    =         5000
           Step           Time         Lambda
              0        0.00000        0.00000

   Energies (kJ/mol)
           Bond       G96Angle        LJ (SR)   Coulomb (SR)      Potential
    2.34669e+04    1.11241e+03    1.69634e+04    0.00000e+00    4.15427e+04
 Pressure (bar)
    0.00000e+00

           Step           Time         Lambda
              1        1.00000        0.00000

   Energies (kJ/mol)
           Bond       G96Angle        LJ (SR)   Coulomb (SR)      Potential
    2.34650e+04    1.11231e+03    1.64361e+04    0.00000e+00    4.10134e+04
 Pressure (bar)
    0.00000e+00

           Step           Time         Lambda
              2        2.00000        0.00000

   Energies (kJ/mol)
           Bond       G96Angle        LJ (SR)   Coulomb (SR)      Potential
    2.34627e+04    1.11219e+03    1.58328e+04    0.00000e+00    4.04076e+04
 Pressure (bar)
    0.00000e+00

           Step           Time         Lambda
              3        3.00000        0.00000

   Energies (kJ/mol)
           Bond       G96Angle        LJ (SR)   Coulomb (SR)      Potential
    2.34599e+04    1.11204e+03    1.51476e+04    0.00000e+00    3.97196e+04
 Pressure (bar)
    0.00000e+00

           Step           Time         Lambda
              4        4.00000        0.00000

   Energies (kJ/mol)
           Bond       G96Angle        LJ (SR)   Coulomb (SR)      Potential
    2.34566e+04    1.11185e+03    1.43755e+04    0.00000e+00    3.89440e+04
 Pressure (bar)
    0.00000e+00

           Step           Time         Lambda
              5        5.00000        0.00000

   Energies (kJ/mol)
           Bond       G96Angle        LJ (SR)   Coulomb (SR)      Potential
    2.34527e+04    1.11162e+03    1.35127e+04    0.00000e+00    3.80770e+04
 Pressure (bar)
    0.00000e+00

           Step           Time         Lambda
              6        6.00000        0.00000

   Energies (kJ/mol)
           Bond       G96Angle        LJ (SR)   Coulomb (SR)      Potential
    2.34479e+04    1.11133e+03    1.25564e+04    0.00000e+00    3.71157e+04
 Pressure (bar)
    0.00000e+00

           Step           Time         Lambda
              7        7.00000        0.00000

   Energies (kJ/mol)
           Bond       G96Angle        LJ (SR)   Coulomb (SR)      Potential
    2.34422e+04    1.11096e+03    1.15053e+04    0.00000e+00    3.60584e+04
 Pressure (bar)
    0.00000e+00

           Step           Time         Lambda
              8        8.00000        0.00000

   Energies (kJ/mol)
           Bond       G96Angle        LJ (SR)   Coulomb (SR)      Potential
    2.34353e+04    1.11050e+03    1.03585e+04    0.00000e+00    3.49043e+04
 Pressure (bar)
    0.00000e+00

           Step           Time         Lambda
              9        9.00000        0.00000

   Energies (kJ/mol)
           Bond       G96Angle        LJ (SR)   Coulomb (SR)      Potential
    2.34267e+04    1.10991e+03    9.11660e+03    0.00000e+00    3.36532e+04
 Pressure (bar)
    0.00000e+00

           Step           Time         Lambda
             10       10.00000        0.00000

   Energies (kJ/mol)
           Bond       G96Angle        LJ (SR)   Coulomb (SR)      Potential
    2.34156e+04    1.10916e+03    7.78433e+03    0.00000e+00    3.23091e+04
 Pressure (bar)
    0.00000e+00

           Step           Time         Lambda
             11       11.00000        0.00000

   Energies (kJ/mol)
           Bond       G96Angle        LJ (SR)   Coulomb (SR)      Potential
    2.33997e+04    1.10817e+03    6.38069e+03    0.00000e+00    3.08885e+04
 Pressure (bar)
    0.00000e+00

           Step           Time         Lambda
             12       12.00000        0.00000

   Energies (kJ/mol)
           Bond       G96Angle        LJ (SR)   Coulomb (SR)      Potential
    2.33740e+04    1.10689e+03    5.00345e+03    0.00000e+00    2.94844e+04
 Pressure (bar)
    0.00000e+00

           Step           Time         Lambda
             13       13.00000        0.00000

   Energies (kJ/mol)
           Bond       G96Angle        LJ (SR)   Coulomb (SR)      Potential
    2.33305e+04    1.10532e+03    3.82869e+03    0.00000e+00    2.82645e+04
 Pressure (bar)
    0.00000e+00

           Step           Time         Lambda
             14       14.00000        0.00000

   Energies (kJ/mol)
           Bond       G96Angle        LJ (SR)   Coulomb (SR)      Potential
    2.32504e+04    1.10319e+03    2.82430e+03    0.00000e+00    2.71779e+04
 Pressure (bar)
    0.00000e+00

           Step           Time         Lambda
             15       15.00000        0.00000

   Energies (kJ/mol)
           Bond       G96Angle        LJ (SR)   Coulomb (SR)      Potential
    2.30987e+04    1.10003e+03    1.99448e+03    0.00000e+00    2.61932e+04
 Pressure (bar)
    0.00000e+00

           Step           Time         Lambda
             16       16.00000        0.00000

   Energies (kJ/mol)
           Bond       G96Angle        LJ (SR)   Coulomb (SR)      Potential
    2.28112e+04    1.09498e+03    1.34889e+03    0.00000e+00    2.52551e+04
 Pressure (bar)
    0.00000e+00

           Step           Time         Lambda
             17       17.00000        0.00000

   Energies (kJ/mol)
           Bond       G96Angle        LJ (SR)   Coulomb (SR)      Potential
    2.22797e+04    1.08641e+03    8.88711e+02    0.00000e+00    2.42548e+04
 Pressure (bar)
    0.00000e+00

           Step           Time         Lambda
             18       18.00000        0.00000

   Energies (kJ/mol)
           Bond       G96Angle        LJ (SR)   Coulomb (SR)      Potential
    2.15940e+04    1.07529e+03    6.60919e+02    0.00000e+00    2.33302e+04
 Pressure (bar)
    0.00000e+00

           Step           Time         Lambda
             19       19.00000        0.00000

   Energies (kJ/mol)
           Bond       G96Angle        LJ (SR)   Coulomb (SR)      Potential
    2.07656e+04    1.06023e+03    5.32213e+02    0.00000e+00    2.23581e+04
 Pressure (bar)
    0.00000e+00

           Step           Time         Lambda
             20       20.00000        0.00000

   Energies (kJ/mol)
           Bond       G96Angle        LJ (SR)   Coulomb (SR)      Potential
    1.97936e+04    1.03856e+03    4.60981e+02    0.00000e+00    2.12931e+04
 Pressure (bar)
    0.00000e+00

           Step           Time         Lambda
             21       21.00000        0.00000

   Energies (kJ/mol)
           Bond       G96Angle        LJ (SR)   Coulomb (SR)      Potential
    1.86881e+04    1.00623e+03    4.26906e+02    0.00000e+00    2.01213e+04
 Pressure (bar)
    0.00000e+00

           Step           Time         Lambda
             22       22.00000        0.00000

   Energies (kJ/mol)
           Bond       G96Angle        LJ (SR)   Coulomb (SR)      Potential
    1.74716e+04    9.61140e+02    4.03768e+02    0.00000e+00    1.88365e+04
 Pressure (bar)
    0.00000e+00

           Step           Time         Lambda
             23       23.00000        0.00000

   Energies (kJ/mol)
           Bond       G96Angle        LJ (SR)   Coulomb (SR)      Potential
    1.61294e+04    9.07802e+02    3.64284e+02    0.00000e+00    1.74014e+04
 Pressure (bar)
    0.00000e+00

           Step           Time         Lambda
             24       24.00000        0.00000

   Energies (kJ/mol)
           Bond       G96Angle        LJ (SR)   Coulomb (SR)      Potential
    1.45715e+04    8.49763e+02    3.33449e+02    0.00000e+00    1.57547e+04
 Pressure (bar)
    0.00000e+00

           Step           Time         Lambda
             25       25.00000        0.00000

   Energies (kJ/mol)
           Bond       G96Angle        LJ (SR)   Coulomb (SR)      Potential
    1.27857e+04    8.02285e+02    3.14664e+02    0.00000e+00    1.39026e+04
 Pressure (bar)
    0.00000e+00

           Step           Time         Lambda
             26       26.00000        0.00000

   Energies (kJ/mol)
           Bond       G96Angle        LJ (SR)   Coulomb (SR)      Potential
    1.07448e+04    7.70363e+02    4.23889e+02    0.00000e+00    1.19391e+04
 Pressure (bar)
    0.00000e+00

           Step           Time         Lambda
             27       27.00000        0.00000

   Energies (kJ/mol)
           Bond       G96Angle        LJ (SR)   Coulomb (SR)      Potential
    9.57231e+03    7.74365e+02    9.81832e+02    0.00000e+00    1.13285e+04
 Pressure (bar)
    0.00000e+00

           Step           Time         Lambda
             28       28.00000        0.00000

           Step           Time         Lambda
             29       29.00000        0.00000

   Energies (kJ/mol)
           Bond       G96Angle        LJ (SR)   Coulomb (SR)      Potential
    9.45355e+03    7.59913e+02    4.27016e+02    0.00000e+00    1.06405e+04
 Pressure (bar)
    0.00000e+00

           Step           Time         Lambda
             30       30.00000        0.00000

   Energies (kJ/mol)
           Bond       G96Angle        LJ (SR)   Coulomb (SR)      Potential
    9.05223e+03    7.48683e+02    2.67868e+02    0.00000e+00    1.00688e+04
 Pressure (bar)
    0.00000e+00

           Step           Time         Lambda
             31       31.00000        0.00000

   Energies (kJ/mol)
           Bond       G96Angle        LJ (SR)   Coulomb (SR)      Potential
    7.70590e+03    7.28570e+02    4.90747e+02    0.00000e+00    8.92522e+03
 Pressure (bar)
    0.00000e+00

           Step           Time         Lambda
             32       32.00000        0.00000

   Energies (kJ/mol)
           Bond       G96Angle        LJ (SR)   Coulomb (SR)      Potential
    7.20957e+03    7.25860e+02    1.66092e+02    0.00000e+00    8.10152e+03
 Pressure (bar)
    0.00000e+00

           Step           Time         Lambda
             33       33.00000        0.00000

   Energies (kJ/mol)
           Bond       G96Angle        LJ (SR)   Coulomb (SR)      Potential
    5.83166e+03    6.91032e+02    1.86797e+02    0.00000e+00    6.70949e+03
 Pressure (bar)
    0.00000e+00

           Step           Time         Lambda
             34       34.00000        0.00000

   Energies (kJ/mol)
           Bond       G96Angle        LJ (SR)   Coulomb (SR)      Potential
    5.00788e+03    6.81534e+02    2.02466e+02    0.00000e+00    5.89188e+03
 Pressure (bar)
    0.00000e+00

           Step           Time         Lambda
             35       35.00000        0.00000

           Step           Time         Lambda
             36       36.00000        0.00000

   Energies (kJ/mol)
           Bond       G96Angle        LJ (SR)   Coulomb (SR)      Potential
    4.90800e+03    6.69573e+02    7.03805e+01    0.00000e+00    5.64795e+03
 Pressure (bar)
    0.00000e+00

           Step           Time         Lambda
             37       37.00000        0.00000

   Energies (kJ/mol)
           Bond       G96Angle        LJ (SR)   Coulomb (SR)      Potential
    4.32377e+03    6.56778e+02    2.04857e+02    0.00000e+00    5.18541e+03
 Pressure (bar)
    0.00000e+00

           Step           Time         Lambda
             38       38.00000        0.00000

   Energies (kJ/mol)
           Bond       G96Angle        LJ (SR)   Coulomb (SR)      Potential
    4.15356e+03    6.46297e+02    1.44417e+01    0.00000e+00    4.81430e+03
 Pressure (bar)
    0.00000e+00

           Step           Time         Lambda
             39       39.00000        0.00000

   Energies (kJ/mol)
           Bond       G96Angle        LJ (SR)   Coulomb (SR)      Potential
    3.02931e+03    6.10806e+02    4.63372e+02    0.00000e+00    4.10349e+03
 Pressure (bar)
    0.00000e+00

           Step           Time         Lambda
             40       40.00000        0.00000

           Step           Time         Lambda
             41       41.00000        0.00000

   Energies (kJ/mol)
           Bond       G96Angle        LJ (SR)   Coulomb (SR)      Potential
    3.10102e+03    6.11336e+02   -8.36360e+01    0.00000e+00    3.62872e+03
 Pressure (bar)
    0.00000e+00

           Step           Time         Lambda
             42       42.00000        0.00000

   Energies (kJ/mol)
           Bond       G96Angle        LJ (SR)   Coulomb (SR)      Potential
    2.29094e+03    5.59164e+02    7.53948e+02    0.00000e+00    3.60405e+03
 Pressure (bar)
    0.00000e+00

           Step           Time         Lambda
             43       43.00000        0.00000

   Energies (kJ/mol)
           Bond       G96Angle        LJ (SR)   Coulomb (SR)      Potential
    2.61824e+03    5.60988e+02   -3.20221e+01    0.00000e+00    3.14721e+03
 Pressure (bar)
    0.00000e+00

           Step           Time         Lambda
             44       44.00000        0.00000

   Energies (kJ/mol)
           Bond       G96Angle        LJ (SR)   Coulomb (SR)      Potential
    2.27859e+03    5.42519e+02    2.45835e+02    0.00000e+00    3.06694e+03
 Pressure (bar)
    0.00000e+00

           Step           Time         Lambda
             45       45.00000        0.00000

   Energies (kJ/mol)
           Bond       G96Angle        LJ (SR)   Coulomb (SR)      Potential
    2.34952e+03    5.37673e+02    1.66233e+02    0.00000e+00    3.05342e+03
 Pressure (bar)
    0.00000e+00

           Step           Time         Lambda
             46       46.00000        0.00000

           Step           Time         Lambda
             47       47.00000        0.00000

   Energies (kJ/mol)
           Bond       G96Angle        LJ (SR)   Coulomb (SR)      Potential
    2.37755e+03    5.43447e+02   -5.85644e+01    0.00000e+00    2.86243e+03
 Pressure (bar)
    0.00000e+00

           Step           Time         Lambda
             48       48.00000        0.00000

   Energies (kJ/mol)
           Bond       G96Angle        LJ (SR)   Coulomb (SR)      Potential
    2.09036e+03    5.19950e+02    3.17735e+01    0.00000e+00    2.64208e+03
 Pressure (bar)
    0.00000e+00

           Step           Time         Lambda
             49       49.00000        0.00000

   Energies (kJ/mol)
           Bond       G96Angle        LJ (SR)   Coulomb (SR)      Potential
    2.18065e+03    5.17944e+02   -1.88751e+02    0.00000e+00    2.50984e+03
 Pressure (bar)
    0.00000e+00

           Step           Time         Lambda
             50       50.00000        0.00000

   Energies (kJ/mol)
           Bond       G96Angle        LJ (SR)   Coulomb (SR)      Potential
    1.33334e+03    4.78854e+02    3.03425e+02    0.00000e+00    2.11562e+03
 Pressure (bar)
    0.00000e+00

           Step           Time         Lambda
             51       51.00000        0.00000

           Step           Time         Lambda
             52       52.00000        0.00000

   Energies (kJ/mol)
           Bond       G96Angle        LJ (SR)   Coulomb (SR)      Potential
    1.44464e+03    4.95350e+02   -9.26216e+01    0.00000e+00    1.84737e+03
 Pressure (bar)
    0.00000e+00

           Step           Time         Lambda
             53       53.00000        0.00000

           Step           Time         Lambda
             54       54.00000        0.00000

   Energies (kJ/mol)
           Bond       G96Angle        LJ (SR)   Coulomb (SR)      Potential
    1.36665e+03    4.84184e+02   -1.86302e+02    0.00000e+00    1.66453e+03
 Pressure (bar)
    0.00000e+00

           Step           Time         Lambda
             55       55.00000        0.00000

   Energies (kJ/mol)
           Bond       G96Angle        LJ (SR)   Coulomb (SR)      Potential
    1.24747e+03    4.70043e+02   -1.98049e+02    0.00000e+00    1.51946e+03
 Pressure (bar)
    0.00000e+00


Steepest Descents converged to Fmax < 1000 in 56 steps
Potential Energy  =  1.5194595e+03
Maximum force     =  7.9470374e+02 on atom 51
Norm of force     =  2.5656555e+02

	M E G A - F L O P S   A C C O U N T I N G

 NB=Group-cutoff nonbonded kernels    NxN=N-by-N cluster Verlet kernels
 RF=Reaction-Field  VdW=Van der Waals  QSTab=quadratic-spline table
 W3=SPC/TIP3p  W4=TIP4p (single or pairs)
 V&F=Potential and force  V=Potential only  F=Force only

 Computing:                               M-Number         M-Flops  % Flops
-----------------------------------------------------------------------------
 Pair Search distance check               0.031360           0.282     4.4
 NxN RF Elec. + LJ [V&F]                  0.100992           5.454    84.4
 Shift-X                                  0.003024           0.018     0.3
 Bonds                                    0.002912           0.172     2.7
 Angles                                   0.002576           0.433     6.7
 Virial                                   0.005544           0.100     1.5
-----------------------------------------------------------------------------
 Total                                                       6.458   100.0
-----------------------------------------------------------------------------


     R E A L   C Y C L E   A N D   T I M E   A C C O U N T I N G

On 1 MPI rank, each using 12 OpenMP threads

 Computing:          Num   Num      Call    Wall time         Giga-Cycles
                     Ranks Threads  Count      (s)         total sum    %
-----------------------------------------------------------------------------
 Neighbor search        1   12         56       0.004          0.312  13.2
 Launch GPU ops.        1   12         56       0.004          0.328  13.9
 Force                  1   12         56       0.001          0.077   3.3
 Wait GPU local         1   12         56       0.000          0.041   1.7
 NB X/F buffer ops.     1   12         56       0.000          0.022   0.9
 Rest                                           0.019          1.584  67.0
-----------------------------------------------------------------------------
 Total                                          0.028          2.365 100.0
-----------------------------------------------------------------------------

 GPU timings
-----------------------------------------------------------------------------
 Computing:                         Count  Wall t (s)      ms/step       %
-----------------------------------------------------------------------------
 Pair list H2D                         56       0.003        0.056    47.5
 X / q H2D                             56       0.001        0.009     7.9
 Nonbonded F+ene+prune k.              56       0.002        0.036    30.3
 F D2H                                 56       0.001        0.017    14.3
-----------------------------------------------------------------------------
 Total                                          0.007        0.119   100.0
-----------------------------------------------------------------------------

Force evaluation time GPU/CPU: 0.119 ms/0.016 ms = 7.233

NOTE: 13 % of the run time was spent in pair search,
      you might want to increase nstlist (this has no effect on accuracy)


               Core t (s)   Wall t (s)        (%)
       Time:        0.287        0.028     1020.5
               (steps/hour)
Performance:      7172000.5
Finished mdrun on rank 0 Tue Jan 26 21:26:32 2016
